2025-07-28 17:54:03,663 WARN o.t.s.p.AbstractStandardFragmentInsertionTagProcessor [http-nio-8080-exec-6] [THYMELEAF][http-nio-8080-exec-6][layouts/main-layout] Deprecated unwrapped fragment expression "fragments/topbar :: topbar" found in template layouts/main-layout, line 53, col 22. Please use the complete syntax of fragment expressions instead ("~{fragments/topbar :: topbar}"). The old, unwrapped syntax for fragment expressions will be removed in future versions of Thymeleaf.
2025-07-28 17:54:03,675 WARN o.t.s.p.AbstractStandardFragmentInsertionTagProcessor [http-nio-8080-exec-6] [THYMELEAF][http-nio-8080-exec-6][fragments/topbar] Deprecated unwrapped fragment expression "fragments/company-selector :: company-selector" found in template fragments/topbar, line 48, col 18. Please use the complete syntax of fragment expressions instead ("~{fragments/company-selector :: company-selector}"). The old, unwrapped syntax for fragment expressions will be removed in future versions of Thymeleaf.
2025-07-28 17:54:03,693 WARN o.t.s.p.AbstractStandardFragmentInsertionTagProcessor [http-nio-8080-exec-6] [THYMELEAF][http-nio-8080-exec-6][layouts/main-layout] Deprecated unwrapped fragment expression "${content}" found in template layouts/main-layout, line 59, col 26. Please use the complete syntax of fragment expressions instead ("~{${content}}"). The old, unwrapped syntax for fragment expressions will be removed in future versions of Thymeleaf.
2025-07-28 17:54:03,698 WARN o.t.s.p.AbstractStandardFragmentInsertionTagProcessor [http-nio-8080-exec-6] [THYMELEAF][http-nio-8080-exec-6][layouts/main-layout] Deprecated unwrapped fragment expression "fragments/footer :: footer" found in template layouts/main-layout, line 68, col 18. Please use the complete syntax of fragment expressions instead ("~{fragments/footer :: footer}"). The old, unwrapped syntax for fragment expressions will be removed in future versions of Thymeleaf.
2025-07-28 17:54:03,703 WARN o.t.s.p.AbstractStandardFragmentInsertionTagProcessor [http-nio-8080-exec-6] [THYMELEAF][http-nio-8080-exec-6][layouts/main-layout] Deprecated unwrapped fragment expression "fragments/sidebar :: mobile-menu" found in template layouts/main-layout, line 76, col 10. Please use the complete syntax of fragment expressions instead ("~{fragments/sidebar :: mobile-menu}"). The old, unwrapped syntax for fragment expressions will be removed in future versions of Thymeleaf.
2025-07-28 17:54:03,707 WARN o.t.s.p.AbstractStandardFragmentInsertionTagProcessor [http-nio-8080-exec-6] [THYMELEAF][http-nio-8080-exec-6][layouts/main-layout] Deprecated unwrapped fragment expression "fragments/logout-modal :: logout-modal" found in template layouts/main-layout, line 85, col 10. Please use the complete syntax of fragment expressions instead ("~{fragments/logout-modal :: logout-modal}"). The old, unwrapped syntax for fragment expressions will be removed in future versions of Thymeleaf.
2025-07-28 17:54:03,709 WARN o.t.s.p.AbstractStandardFragmentInsertionTagProcessor [http-nio-8080-exec-6] [THYMELEAF][http-nio-8080-exec-6][layouts/main-layout] Deprecated unwrapped fragment expression "fragments/change-password-modal :: change-password-modal" found in template layouts/main-layout, line 88, col 10. Please use the complete syntax of fragment expressions instead ("~{fragments/change-password-modal :: change-password-modal}"). The old, unwrapped syntax for fragment expressions will be removed in future versions of Thymeleaf.
2025-07-28 17:54:03,712 WARN o.t.s.p.AbstractStandardFragmentInsertionTagProcessor [http-nio-8080-exec-6] [THYMELEAF][http-nio-8080-exec-6][layouts/main-layout] Deprecated unwrapped fragment expression "fragments/change-password-modal :: change-password-script" found in template layouts/main-layout, line 89, col 13. Please use the complete syntax of fragment expressions instead ("~{fragments/change-password-modal :: change-password-script}"). The old, unwrapped syntax for fragment expressions will be removed in future versions of Thymeleaf.
2025-07-28 17:54:03,714 WARN o.t.s.p.AbstractStandardFragmentInsertionTagProcessor [http-nio-8080-exec-6] [THYMELEAF][http-nio-8080-exec-6][layouts/main-layout] Deprecated unwrapped fragment expression "fragments/sidebar :: sidebar-scripts" found in template layouts/main-layout, line 92, col 10. Please use the complete syntax of fragment expressions instead ("~{fragments/sidebar :: sidebar-scripts}"). The old, unwrapped syntax for fragment expressions will be removed in future versions of Thymeleaf.
2025-07-28 17:54:03,716 WARN o.t.s.p.AbstractStandardFragmentInsertionTagProcessor [http-nio-8080-exec-6] [THYMELEAF][http-nio-8080-exec-6][layouts/main-layout] Deprecated unwrapped fragment expression "fragments/company-selector :: company-selector-script" found in template layouts/main-layout, line 95, col 10. Please use the complete syntax of fragment expressions instead ("~{fragments/company-selector :: company-selector-script}"). The old, unwrapped syntax for fragment expressions will be removed in future versions of Thymeleaf.
2025-07-28 17:54:03,765 DEBUG c.d.r.c.AuthenticationController [http-nio-8080-exec-4] 🔍 Looking up user with ID: b1873fdc-fec0-11ef-ad2c-0242ac110002
2025-07-28 17:54:03,766 DEBUG o.h.e.j.s.SqlStatementLogger [http-nio-8080-exec-4] select u1_0.id,c1_0.user_id,c1_1.id,c1_1.display_name,c1_1.logo_url,c1_1.name,c1_1.timestamp,u1_0.firstName,u1_0.lastName,u1_0.password,u1_0.reset_pass_expires,u1_0.reset_pass_key,u1_0.reset_pswd,r1_0.user_id,r1_1.id,r1_1.name,r1_1.timestamp,u1_0.timestamp,u1_0.username from users u1_0 left join company_users c1_0 on u1_0.id=c1_0.user_id left join companies c1_1 on c1_1.id=c1_0.company_id left join user_roles r1_0 on u1_0.id=r1_0.user_id left join roles r1_1 on r1_1.id=r1_0.role_id where u1_0.id=?
2025-07-28 17:54:03,770 DEBUG c.d.r.c.AuthenticationController [http-nio-8080-exec-4] ✅ User found in database: miller
2025-07-28 17:54:03,771 INFO c.d.r.s.UserRoleService [http-nio-8080-exec-4] Getting roles for user ID: b1873fdc-fec0-11ef-ad2c-0242ac110002
2025-07-28 17:54:03,772 DEBUG o.h.e.j.s.SqlStatementLogger [http-nio-8080-exec-4] select ur1_0.id,ur1_0.role_id,ur1_0.timestamp,ur1_0.user_id from user_roles ur1_0 where ur1_0.user_id=?
2025-07-28 17:54:03,774 INFO c.d.r.s.UserRoleService [http-nio-8080-exec-4] Found 2 roles for user miller
2025-07-28 17:54:03,775 DEBUG o.h.e.j.s.SqlStatementLogger [http-nio-8080-exec-4] select r1_0.id,r1_0.name,r1_0.timestamp from roles r1_0 where r1_0.id=?
2025-07-28 17:54:03,776 INFO c.d.r.s.UserRoleService [http-nio-8080-exec-4] User miller has role: User
2025-07-28 17:54:03,777 DEBUG o.h.e.j.s.SqlStatementLogger [http-nio-8080-exec-4] select r1_0.id,r1_0.name,r1_0.timestamp from roles r1_0 where r1_0.id=?
2025-07-28 17:54:03,779 INFO c.d.r.s.UserRoleService [http-nio-8080-exec-4] User miller has role: Super Admin
2025-07-28 17:54:03,779 INFO c.d.r.s.UserRoleService [http-nio-8080-exec-4] User miller has roles: User, Super Admin
2025-07-28 17:54:03,779 INFO c.d.r.s.UserRoleService [http-nio-8080-exec-4] Checking if user miller is Super Admin: true
2025-07-28 17:54:03,780 INFO c.d.r.s.UserRoleService [http-nio-8080-exec-4] User miller is a Super Admin, so automatically has Admin privileges
2025-07-28 17:54:03,784 INFO c.d.r.s.UserRoleService [http-nio-8080-exec-4] Getting roles for user ID: b1873fdc-fec0-11ef-ad2c-0242ac110002
2025-07-28 17:54:03,785 DEBUG o.h.e.j.s.SqlStatementLogger [http-nio-8080-exec-4] select ur1_0.id,ur1_0.role_id,ur1_0.timestamp,ur1_0.user_id from user_roles ur1_0 where ur1_0.user_id=?
2025-07-28 17:54:03,787 INFO c.d.r.s.UserRoleService [http-nio-8080-exec-4] Found 2 roles for user miller
2025-07-28 17:54:03,787 DEBUG o.h.e.j.s.SqlStatementLogger [http-nio-8080-exec-4] select r1_0.id,r1_0.name,r1_0.timestamp from roles r1_0 where r1_0.id=?
2025-07-28 17:54:03,789 INFO c.d.r.s.UserRoleService [http-nio-8080-exec-4] User miller has role: User
2025-07-28 17:54:03,790 DEBUG o.h.e.j.s.SqlStatementLogger [http-nio-8080-exec-4] select r1_0.id,r1_0.name,r1_0.timestamp from roles r1_0 where r1_0.id=?
2025-07-28 17:54:03,793 INFO c.d.r.s.UserRoleService [http-nio-8080-exec-4] User miller has role: Super Admin
2025-07-28 17:54:03,793 INFO c.d.r.s.UserRoleService [http-nio-8080-exec-4] User miller has roles: User, Super Admin
2025-07-28 17:54:03,793 INFO c.d.r.s.UserRoleService [http-nio-8080-exec-4] Checking if user miller is Super Admin: true
2025-07-28 17:54:03,796 DEBUG c.d.r.c.AuthenticationController [http-nio-8080-exec-4] 🔍 Looking up user with ID: b1873fdc-fec0-11ef-ad2c-0242ac110002
2025-07-28 17:54:03,796 DEBUG o.h.e.j.s.SqlStatementLogger [http-nio-8080-exec-4] select u1_0.id,c1_0.user_id,c1_1.id,c1_1.display_name,c1_1.logo_url,c1_1.name,c1_1.timestamp,u1_0.firstName,u1_0.lastName,u1_0.password,u1_0.reset_pass_expires,u1_0.reset_pass_key,u1_0.reset_pswd,r1_0.user_id,r1_1.id,r1_1.name,r1_1.timestamp,u1_0.timestamp,u1_0.username from users u1_0 left join company_users c1_0 on u1_0.id=c1_0.user_id left join companies c1_1 on c1_1.id=c1_0.company_id left join user_roles r1_0 on u1_0.id=r1_0.user_id left join roles r1_1 on r1_1.id=r1_0.role_id where u1_0.id=?
2025-07-28 17:54:03,799 DEBUG c.d.r.c.AuthenticationController [http-nio-8080-exec-4] ✅ User found in database: miller
2025-07-28 17:54:03,799 INFO c.d.r.c.a.FarmApiController [http-nio-8080-exec-4] 🔍 Getting selected farm from session
2025-07-28 17:54:03,800 INFO c.d.r.s.FarmService [http-nio-8080-exec-4] 🔍 Fetching farm with ID: 3c7ed11c-ae2d-11ed-b336-02c88e45a32e
2025-07-28 17:54:03,801 DEBUG o.h.e.j.s.SqlStatementLogger [http-nio-8080-exec-4] select f1_0.id,f1_0.display_name,f1_0.farm_type,f1_0.is_temp_source,f1_0.name,f1_0.temp_source_id,f1_0.timestamp from farms f1_0 where f1_0.id=?
2025-07-28 17:54:03,802 INFO c.d.r.s.FarmService [http-nio-8080-exec-4] 🔍 Fetching farms for company ID: 7b714a51-ae2c-11ed-b336-02c88e45a32e
2025-07-28 17:54:03,803 DEBUG o.h.e.j.s.SqlStatementLogger [http-nio-8080-exec-4] select cf1_0.id,cf1_0.company_id,cf1_0.farm_id,cf1_0.timestamp from company_farms cf1_0 join companies c1_0 on c1_0.id=cf1_0.company_id where c1_0.id=?
2025-07-28 17:54:03,806 DEBUG o.h.e.j.s.SqlStatementLogger [http-nio-8080-exec-4] select f1_0.id,f1_0.display_name,f1_0.farm_type,f1_0.is_temp_source,f1_0.name,f1_0.temp_source_id,f1_0.timestamp from farms f1_0 where f1_0.id=?
2025-07-28 17:54:03,807 DEBUG o.h.e.j.s.SqlStatementLogger [http-nio-8080-exec-4] select f1_0.id,f1_0.display_name,f1_0.farm_type,f1_0.is_temp_source,f1_0.name,f1_0.temp_source_id,f1_0.timestamp from farms f1_0 where f1_0.id=?
2025-07-28 17:54:03,809 DEBUG o.h.e.j.s.SqlStatementLogger [http-nio-8080-exec-4] select f1_0.id,f1_0.display_name,f1_0.farm_type,f1_0.is_temp_source,f1_0.name,f1_0.temp_source_id,f1_0.timestamp from farms f1_0 where f1_0.id=?
2025-07-28 17:54:03,810 DEBUG o.h.e.j.s.SqlStatementLogger [http-nio-8080-exec-4] select f1_0.id,f1_0.display_name,f1_0.farm_type,f1_0.is_temp_source,f1_0.name,f1_0.temp_source_id,f1_0.timestamp from farms f1_0 where f1_0.id=?
2025-07-28 17:54:03,811 DEBUG o.h.e.j.s.SqlStatementLogger [http-nio-8080-exec-4] select f1_0.id,f1_0.display_name,f1_0.farm_type,f1_0.is_temp_source,f1_0.name,f1_0.temp_source_id,f1_0.timestamp from farms f1_0 where f1_0.id=?
2025-07-28 17:54:03,811 DEBUG o.h.e.j.s.SqlStatementLogger [http-nio-8080-exec-4] select f1_0.id,f1_0.display_name,f1_0.farm_type,f1_0.is_temp_source,f1_0.name,f1_0.temp_source_id,f1_0.timestamp from farms f1_0 where f1_0.id=?
2025-07-28 17:54:03,812 DEBUG o.h.e.j.s.SqlStatementLogger [http-nio-8080-exec-4] select f1_0.id,f1_0.display_name,f1_0.farm_type,f1_0.is_temp_source,f1_0.name,f1_0.temp_source_id,f1_0.timestamp from farms f1_0 where f1_0.id=?
2025-07-28 17:54:03,813 DEBUG o.h.e.j.s.SqlStatementLogger [http-nio-8080-exec-4] select f1_0.id,f1_0.display_name,f1_0.farm_type,f1_0.is_temp_source,f1_0.name,f1_0.temp_source_id,f1_0.timestamp from farms f1_0 where f1_0.id=?
2025-07-28 17:54:03,813 DEBUG o.h.e.j.s.SqlStatementLogger [http-nio-8080-exec-4] select f1_0.id,f1_0.display_name,f1_0.farm_type,f1_0.is_temp_source,f1_0.name,f1_0.temp_source_id,f1_0.timestamp from farms f1_0 where f1_0.id=?
2025-07-28 17:54:03,815 DEBUG o.h.e.j.s.SqlStatementLogger [http-nio-8080-exec-4] select f1_0.id,f1_0.display_name,f1_0.farm_type,f1_0.is_temp_source,f1_0.name,f1_0.temp_source_id,f1_0.timestamp from farms f1_0 where f1_0.id=?
2025-07-28 17:54:03,816 DEBUG o.h.e.j.s.SqlStatementLogger [http-nio-8080-exec-4] select f1_0.id,f1_0.display_name,f1_0.farm_type,f1_0.is_temp_source,f1_0.name,f1_0.temp_source_id,f1_0.timestamp from farms f1_0 where f1_0.id=?
2025-07-28 17:54:03,816 DEBUG o.h.e.j.s.SqlStatementLogger [http-nio-8080-exec-4] select f1_0.id,f1_0.display_name,f1_0.farm_type,f1_0.is_temp_source,f1_0.name,f1_0.temp_source_id,f1_0.timestamp from farms f1_0 where f1_0.id=?
2025-07-28 17:54:03,817 DEBUG o.h.e.j.s.SqlStatementLogger [http-nio-8080-exec-4] select f1_0.id,f1_0.display_name,f1_0.farm_type,f1_0.is_temp_source,f1_0.name,f1_0.temp_source_id,f1_0.timestamp from farms f1_0 where f1_0.id=?
2025-07-28 17:54:03,820 WARN c.d.r.c.a.FarmApiController [http-nio-8080-exec-4] ⚠️ Selected farm does not belong to selected company
2025-07-28 17:54:03,826 DEBUG c.d.r.c.AuthenticationController [http-nio-8080-exec-1] 🔍 Looking up user with ID: b1873fdc-fec0-11ef-ad2c-0242ac110002
2025-07-28 17:54:03,827 DEBUG o.h.e.j.s.SqlStatementLogger [http-nio-8080-exec-1] select u1_0.id,c1_0.user_id,c1_1.id,c1_1.display_name,c1_1.logo_url,c1_1.name,c1_1.timestamp,u1_0.firstName,u1_0.lastName,u1_0.password,u1_0.reset_pass_expires,u1_0.reset_pass_key,u1_0.reset_pswd,r1_0.user_id,r1_1.id,r1_1.name,r1_1.timestamp,u1_0.timestamp,u1_0.username from users u1_0 left join company_users c1_0 on u1_0.id=c1_0.user_id left join companies c1_1 on c1_1.id=c1_0.company_id left join user_roles r1_0 on u1_0.id=r1_0.user_id left join roles r1_1 on r1_1.id=r1_0.role_id where u1_0.id=?
2025-07-28 17:54:03,831 DEBUG c.d.r.c.AuthenticationController [http-nio-8080-exec-1] ✅ User found in database: miller
2025-07-28 17:54:03,832 INFO c.d.r.s.UserRoleService [http-nio-8080-exec-1] Getting roles for user ID: b1873fdc-fec0-11ef-ad2c-0242ac110002
2025-07-28 17:54:03,832 DEBUG o.h.e.j.s.SqlStatementLogger [http-nio-8080-exec-1] select ur1_0.id,ur1_0.role_id,ur1_0.timestamp,ur1_0.user_id from user_roles ur1_0 where ur1_0.user_id=?
2025-07-28 17:54:03,832 INFO c.d.r.s.UserRoleService [http-nio-8080-exec-1] Found 2 roles for user miller
2025-07-28 17:54:03,833 DEBUG o.h.e.j.s.SqlStatementLogger [http-nio-8080-exec-1] select r1_0.id,r1_0.name,r1_0.timestamp from roles r1_0 where r1_0.id=?
2025-07-28 17:54:03,833 INFO c.d.r.s.UserRoleService [http-nio-8080-exec-1] User miller has role: User
2025-07-28 17:54:03,833 DEBUG o.h.e.j.s.SqlStatementLogger [http-nio-8080-exec-1] select r1_0.id,r1_0.name,r1_0.timestamp from roles r1_0 where r1_0.id=?
2025-07-28 17:54:03,835 INFO c.d.r.s.UserRoleService [http-nio-8080-exec-1] User miller has role: Super Admin
2025-07-28 17:54:03,836 INFO c.d.r.s.UserRoleService [http-nio-8080-exec-1] User miller has roles: User, Super Admin
2025-07-28 17:54:03,836 INFO c.d.r.s.UserRoleService [http-nio-8080-exec-1] Checking if user miller is Super Admin: true
2025-07-28 17:54:03,836 INFO c.d.r.s.UserRoleService [http-nio-8080-exec-1] User miller is a Super Admin, so automatically has Admin privileges
2025-07-28 17:54:03,838 INFO c.d.r.s.UserRoleService [http-nio-8080-exec-1] Getting roles for user ID: b1873fdc-fec0-11ef-ad2c-0242ac110002
2025-07-28 17:54:03,839 DEBUG o.h.e.j.s.SqlStatementLogger [http-nio-8080-exec-1] select ur1_0.id,ur1_0.role_id,ur1_0.timestamp,ur1_0.user_id from user_roles ur1_0 where ur1_0.user_id=?
2025-07-28 17:54:03,840 INFO c.d.r.s.UserRoleService [http-nio-8080-exec-1] Found 2 roles for user miller
2025-07-28 17:54:03,840 DEBUG o.h.e.j.s.SqlStatementLogger [http-nio-8080-exec-1] select r1_0.id,r1_0.name,r1_0.timestamp from roles r1_0 where r1_0.id=?
2025-07-28 17:54:03,842 INFO c.d.r.s.UserRoleService [http-nio-8080-exec-1] User miller has role: User
2025-07-28 17:54:03,843 DEBUG o.h.e.j.s.SqlStatementLogger [http-nio-8080-exec-1] select r1_0.id,r1_0.name,r1_0.timestamp from roles r1_0 where r1_0.id=?
2025-07-28 17:54:03,843 INFO c.d.r.s.UserRoleService [http-nio-8080-exec-1] User miller has role: Super Admin
2025-07-28 17:54:03,843 INFO c.d.r.s.UserRoleService [http-nio-8080-exec-1] User miller has roles: User, Super Admin
2025-07-28 17:54:03,845 INFO c.d.r.s.UserRoleService [http-nio-8080-exec-1] Checking if user miller is Super Admin: true
2025-07-28 17:54:03,846 DEBUG c.d.r.c.AuthenticationController [http-nio-8080-exec-1] 🔍 Looking up user with ID: b1873fdc-fec0-11ef-ad2c-0242ac110002
2025-07-28 17:54:03,847 DEBUG o.h.e.j.s.SqlStatementLogger [http-nio-8080-exec-1] select u1_0.id,c1_0.user_id,c1_1.id,c1_1.display_name,c1_1.logo_url,c1_1.name,c1_1.timestamp,u1_0.firstName,u1_0.lastName,u1_0.password,u1_0.reset_pass_expires,u1_0.reset_pass_key,u1_0.reset_pswd,r1_0.user_id,r1_1.id,r1_1.name,r1_1.timestamp,u1_0.timestamp,u1_0.username from users u1_0 left join company_users c1_0 on u1_0.id=c1_0.user_id left join companies c1_1 on c1_1.id=c1_0.company_id left join user_roles r1_0 on u1_0.id=r1_0.user_id left join roles r1_1 on r1_1.id=r1_0.role_id where u1_0.id=?
2025-07-28 17:54:03,851 DEBUG c.d.r.c.AuthenticationController [http-nio-8080-exec-1] ✅ User found in database: miller
2025-07-28 17:54:03,858 INFO c.d.r.c.a.FarmApiController [http-nio-8080-exec-1] 🔄 Selecting farm with ID: ea2e69b2-088e-11ef-b5eb-02c88e45a32e
2025-07-28 17:54:03,860 INFO c.d.r.s.FarmService [http-nio-8080-exec-1] 🔍 Fetching farm with ID: ea2e69b2-088e-11ef-b5eb-02c88e45a32e
2025-07-28 17:54:03,860 DEBUG o.h.e.j.s.SqlStatementLogger [http-nio-8080-exec-1] select f1_0.id,f1_0.display_name,f1_0.farm_type,f1_0.is_temp_source,f1_0.name,f1_0.temp_source_id,f1_0.timestamp from farms f1_0 where f1_0.id=?
2025-07-28 17:54:03,863 DEBUG o.h.e.j.s.SqlStatementLogger [http-nio-8080-exec-1] select f1_0.id,f1_0.display_name,f1_0.farm_type,f1_0.is_temp_source,f1_0.name,f1_0.temp_source_id,f1_0.timestamp from farms f1_0 where f1_0.id=?
2025-07-28 17:54:03,868 INFO c.d.r.s.FarmService [http-nio-8080-exec-1] 🔍 Fetching farms for company ID: 7b714a51-ae2c-11ed-b336-02c88e45a32e
2025-07-28 17:54:03,869 DEBUG o.h.e.j.s.SqlStatementLogger [http-nio-8080-exec-1] select cf1_0.id,cf1_0.company_id,cf1_0.farm_id,cf1_0.timestamp from company_farms cf1_0 join companies c1_0 on c1_0.id=cf1_0.company_id where c1_0.id=?
2025-07-28 17:54:03,870 DEBUG o.h.e.j.s.SqlStatementLogger [http-nio-8080-exec-1] select f1_0.id,f1_0.display_name,f1_0.farm_type,f1_0.is_temp_source,f1_0.name,f1_0.temp_source_id,f1_0.timestamp from farms f1_0 where f1_0.id=?
2025-07-28 17:54:03,871 DEBUG o.h.e.j.s.SqlStatementLogger [http-nio-8080-exec-1] select f1_0.id,f1_0.display_name,f1_0.farm_type,f1_0.is_temp_source,f1_0.name,f1_0.temp_source_id,f1_0.timestamp from farms f1_0 where f1_0.id=?
2025-07-28 17:54:03,872 DEBUG o.h.e.j.s.SqlStatementLogger [http-nio-8080-exec-1] select f1_0.id,f1_0.display_name,f1_0.farm_type,f1_0.is_temp_source,f1_0.name,f1_0.temp_source_id,f1_0.timestamp from farms f1_0 where f1_0.id=?
2025-07-28 17:54:03,873 DEBUG o.h.e.j.s.SqlStatementLogger [http-nio-8080-exec-1] select f1_0.id,f1_0.display_name,f1_0.farm_type,f1_0.is_temp_source,f1_0.name,f1_0.temp_source_id,f1_0.timestamp from farms f1_0 where f1_0.id=?
2025-07-28 17:54:03,875 DEBUG o.h.e.j.s.SqlStatementLogger [http-nio-8080-exec-1] select f1_0.id,f1_0.display_name,f1_0.farm_type,f1_0.is_temp_source,f1_0.name,f1_0.temp_source_id,f1_0.timestamp from farms f1_0 where f1_0.id=?
2025-07-28 17:54:03,876 DEBUG o.h.e.j.s.SqlStatementLogger [http-nio-8080-exec-1] select f1_0.id,f1_0.display_name,f1_0.farm_type,f1_0.is_temp_source,f1_0.name,f1_0.temp_source_id,f1_0.timestamp from farms f1_0 where f1_0.id=?
2025-07-28 17:54:03,877 DEBUG o.h.e.j.s.SqlStatementLogger [http-nio-8080-exec-1] select f1_0.id,f1_0.display_name,f1_0.farm_type,f1_0.is_temp_source,f1_0.name,f1_0.temp_source_id,f1_0.timestamp from farms f1_0 where f1_0.id=?
2025-07-28 17:54:03,878 DEBUG o.h.e.j.s.SqlStatementLogger [http-nio-8080-exec-1] select f1_0.id,f1_0.display_name,f1_0.farm_type,f1_0.is_temp_source,f1_0.name,f1_0.temp_source_id,f1_0.timestamp from farms f1_0 where f1_0.id=?
2025-07-28 17:54:03,880 DEBUG o.h.e.j.s.SqlStatementLogger [http-nio-8080-exec-1] select f1_0.id,f1_0.display_name,f1_0.farm_type,f1_0.is_temp_source,f1_0.name,f1_0.temp_source_id,f1_0.timestamp from farms f1_0 where f1_0.id=?
2025-07-28 17:54:03,881 DEBUG o.h.e.j.s.SqlStatementLogger [http-nio-8080-exec-1] select f1_0.id,f1_0.display_name,f1_0.farm_type,f1_0.is_temp_source,f1_0.name,f1_0.temp_source_id,f1_0.timestamp from farms f1_0 where f1_0.id=?
2025-07-28 17:54:03,882 DEBUG o.h.e.j.s.SqlStatementLogger [http-nio-8080-exec-1] select f1_0.id,f1_0.display_name,f1_0.farm_type,f1_0.is_temp_source,f1_0.name,f1_0.temp_source_id,f1_0.timestamp from farms f1_0 where f1_0.id=?
2025-07-28 17:54:03,883 DEBUG o.h.e.j.s.SqlStatementLogger [http-nio-8080-exec-1] select f1_0.id,f1_0.display_name,f1_0.farm_type,f1_0.is_temp_source,f1_0.name,f1_0.temp_source_id,f1_0.timestamp from farms f1_0 where f1_0.id=?
2025-07-28 17:54:03,885 DEBUG o.h.e.j.s.SqlStatementLogger [http-nio-8080-exec-1] select f1_0.id,f1_0.display_name,f1_0.farm_type,f1_0.is_temp_source,f1_0.name,f1_0.temp_source_id,f1_0.timestamp from farms f1_0 where f1_0.id=?
2025-07-28 17:54:03,887 INFO c.d.r.s.FarmSelectionService [http-nio-8080-exec-1] ✅ Selected farm: Ellis County (ID: ea2e69b2-088e-11ef-b5eb-02c88e45a32e)
